app/build/intermediates/manifest_merge_blame_file/release/manifest-merger-blame-release-report.txt
1<?xml version="1.0" encoding="utf-8"?>
2<manifest xmlns:android="http://schemas.android.com/apk/res/android"
3    package="net.trivialapps.topstats"
4    android:versionCode="3"
5    android:versionName="1.3" >
6
7    <uses-sdk
8        android:minSdkVersion="19"
8-->src\main\AndroidManifest.xml
9        android:targetSdkVersion="28" />
9-->src\main\AndroidManifest.xml
10
11    <uses-permission android:name="android.permission.INTERNET" />
11-->src\main\AndroidManifest.xml:5:5-67
11-->src\main\AndroidManifest.xml:5:22-64
12    <uses-permission android:name="android.permission.ACCESS_NETWORK_STATE" />
12-->[com.google.firebase:firebase-iid:17.0.4] AndroidManifest.xml:22:5-79
12-->[com.google.firebase:firebase-iid:17.0.4] AndroidManifest.xml:22:22-76
13    <uses-permission android:name="android.permission.WAKE_LOCK" /> <!-- Required by older versions of Google Play services to create IID tokens -->
13-->[com.google.firebase:firebase-iid:17.0.4] AndroidManifest.xml:24:5-68
13-->[com.google.firebase:firebase-iid:17.0.4] AndroidManifest.xml:24:22-65
14    <uses-permission android:name="com.google.android.c2dm.permission.RECEIVE" />
14-->[com.google.firebase:firebase-iid:17.0.4] AndroidManifest.xml:26:5-82
14-->[com.google.firebase:firebase-iid:17.0.4] AndroidManifest.xml:26:22-79
15
16    <application
16-->src\main\AndroidManifest.xml:7:5-65:19
17        android:allowBackup="true"
17-->src\main\AndroidManifest.xml:9:9-35
18        android:appComponentFactory="android.support.v4.app.CoreComponentFactory"
18-->[com.android.support:support-compat:28.0.0] AndroidManifest.xml:22:18-91
19        android:icon="@mipmap/topstatt"
19-->src\main\AndroidManifest.xml:10:9-40
20        android:label="@string/app_name"
20-->src\main\AndroidManifest.xml:11:9-41
21        android:roundIcon="@mipmap/topstatt"
21-->src\main\AndroidManifest.xml:12:9-45
22        android:supportsRtl="true"
22-->src\main\AndroidManifest.xml:13:9-35
23        android:theme="@style/AppTheme"
23-->src\main\AndroidManifest.xml:14:9-40
24        android:usesCleartextTraffic="true" >
24-->src\main\AndroidManifest.xml:8:9-44
25        <activity
25-->src\main\AndroidManifest.xml:15:9-24:20
26            android:name="net.trivialapps.topstats.SplashScreenActivity"
26-->src\main\AndroidManifest.xml:16:13-49
27            android:configChanges="orientation|keyboardHidden|screenSize"
27-->src\main\AndroidManifest.xml:17:13-74
28            android:theme="@style/FullscreenTheme" >
28-->src\main\AndroidManifest.xml:18:13-51
29            <intent-filter>
29-->src\main\AndroidManifest.xml:19:13-23:29
30                <action android:name="android.intent.action.MAIN" />
30-->src\main\AndroidManifest.xml:20:17-69
30-->src\main\AndroidManifest.xml:20:25-66
31
32                <category android:name="android.intent.category.LAUNCHER" />
32-->src\main\AndroidManifest.xml:22:17-77
32-->src\main\AndroidManifest.xml:22:27-74
33            </intent-filter>
34        </activity>
35        <activity
35-->src\main\AndroidManifest.xml:25:9-43:20
36            android:name="net.trivialapps.topstats.NavigatorActivity"
36-->src\main\AndroidManifest.xml:26:13-46
37            android:label="Browser"
37-->src\main\AndroidManifest.xml:27:13-36
38            android:parentActivityName="net.trivialapps.topstats.MainActivity"
38-->src\main\AndroidManifest.xml:28:13-55
39            android:theme="@style/AppTheme.NoActionBar" >
39-->src\main\AndroidManifest.xml:29:13-56
40            <meta-data
40-->src\main\AndroidManifest.xml:30:13-32:73
41                android:name="android.support.PARENT_ACTIVITY"
41-->src\main\AndroidManifest.xml:31:17-63
42                android:value="net.trivialapps.topstats.MainActivity" />
42-->src\main\AndroidManifest.xml:32:17-70
43
44            <intent-filter>
44-->src\main\AndroidManifest.xml:34:13-42:29
45                <action android:name="android.intent.action.VIEW" />
45-->src\main\AndroidManifest.xml:35:17-69
45-->src\main\AndroidManifest.xml:35:25-66
46
47                <category android:name="android.intent.category.DEFAULT" />
47-->src\main\AndroidManifest.xml:37:17-76
47-->src\main\AndroidManifest.xml:37:27-73
48                <category android:name="android.intent.category.BROWSABLE" />
48-->src\main\AndroidManifest.xml:38:17-78
48-->src\main\AndroidManifest.xml:38:27-75
49
50                <data android:scheme="http" />
50-->src\main\AndroidManifest.xml:40:17-41:45
50-->src\main\AndroidManifest.xml:41:21-42
51            </intent-filter>
52        </activity>
53        <activity
53-->src\main\AndroidManifest.xml:44:9-47:59
54            android:name="net.trivialapps.topstats.MainActivity"
54-->src\main\AndroidManifest.xml:45:13-41
55            android:label="@string/app_name"
55-->src\main\AndroidManifest.xml:46:13-45
56            android:theme="@style/AppTheme.NoActionBar" />
56-->src\main\AndroidManifest.xml:47:13-56
57        <activity
57-->src\main\AndroidManifest.xml:48:9-56:20
58            android:name="net.trivialapps.topstats.AppPreference"
58-->src\main\AndroidManifest.xml:49:13-42
59            android:label="@string/activity_prefence_name"
59-->src\main\AndroidManifest.xml:50:13-59
60            android:parentActivityName="net.trivialapps.topstats.MainActivity"
60-->src\main\AndroidManifest.xml:51:13-55
61            android:theme="@style/AppTheme.NoActionBar" >
61-->src\main\AndroidManifest.xml:52:13-56
62            <meta-data
62-->src\main\AndroidManifest.xml:30:13-32:73
63                android:name="android.support.PARENT_ACTIVITY"
63-->src\main\AndroidManifest.xml:31:17-63
64                android:value="net.trivialapps.topstats.MainActivity" />
64-->src\main\AndroidManifest.xml:32:17-70
65        </activity>
66
67        <service android:name="net.trivialapps.topstats.MyFirebaseMessagingService" >
67-->src\main\AndroidManifest.xml:57:9-63:19
67-->src\main\AndroidManifest.xml:58:13-55
68            <intent-filter>
68-->src\main\AndroidManifest.xml:59:13-61:29
69                <action android:name="com.google.firebase.MESSAGING_EVENT" />
69-->src\main\AndroidManifest.xml:60:17-77
69-->src\main\AndroidManifest.xml:60:25-75
70            </intent-filter>
71        </service>
72
73        <!--
74             FirebaseMessagingService performs security checks at runtime,
75             no need for explicit permissions despite exported="true"
76        -->
77        <service
77-->[com.google.firebase:firebase-messaging:17.3.4] AndroidManifest.xml:28:9-34:19
78            android:name="com.google.firebase.messaging.FirebaseMessagingService"
78-->[com.google.firebase:firebase-messaging:17.3.4] AndroidManifest.xml:29:13-82
79            android:exported="true" >
79-->[com.google.firebase:firebase-messaging:17.3.4] AndroidManifest.xml:30:13-36
80            <intent-filter android:priority="-500" >
80-->src\main\AndroidManifest.xml:59:13-61:29
81                <action android:name="com.google.firebase.MESSAGING_EVENT" />
81-->src\main\AndroidManifest.xml:60:17-77
81-->src\main\AndroidManifest.xml:60:25-75
82            </intent-filter>
83        </service>
84        <service
84-->[com.google.firebase:firebase-iid:17.0.4] AndroidManifest.xml:29:9-35:19
85            android:name="com.google.firebase.components.ComponentDiscoveryService"
85-->[com.google.firebase:firebase-iid:17.0.4] AndroidManifest.xml:30:13-84
86            android:exported="false" >
86-->[com.google.firebase:firebase-iid:17.0.4] AndroidManifest.xml:31:13-37
87            <meta-data
87-->[com.google.firebase:firebase-iid:17.0.4] AndroidManifest.xml:32:13-34:85
88                android:name="com.google.firebase.components:com.google.firebase.iid.Registrar"
88-->[com.google.firebase:firebase-iid:17.0.4] AndroidManifest.xml:33:17-96
89                android:value="com.google.firebase.components.ComponentRegistrar" />
89-->[com.google.firebase:firebase-iid:17.0.4] AndroidManifest.xml:34:17-82
90        </service>
91
92        <receiver
92-->[com.google.firebase:firebase-iid:17.0.4] AndroidManifest.xml:37:9-44:20
93            android:name="com.google.firebase.iid.FirebaseInstanceIdReceiver"
93-->[com.google.firebase:firebase-iid:17.0.4] AndroidManifest.xml:38:13-78
94            android:exported="true"
94-->[com.google.firebase:firebase-iid:17.0.4] AndroidManifest.xml:39:13-36
95            android:permission="com.google.android.c2dm.permission.SEND" >
95-->[com.google.firebase:firebase-iid:17.0.4] AndroidManifest.xml:40:13-73
96            <intent-filter>
96-->[com.google.firebase:firebase-iid:17.0.4] AndroidManifest.xml:41:13-43:29
97                <action android:name="com.google.android.c2dm.intent.RECEIVE" />
97-->[com.google.firebase:firebase-iid:17.0.4] AndroidManifest.xml:42:17-81
97-->[com.google.firebase:firebase-iid:17.0.4] AndroidManifest.xml:42:25-78
98            </intent-filter>
99        </receiver>
100        <!--
101             FirebaseInstanceIdService performs security checks at runtime,
102             no need for explicit permissions despite exported="true"
103        -->
104        <service
104-->[com.google.firebase:firebase-iid:17.0.4] AndroidManifest.xml:50:9-56:19
105            android:name="com.google.firebase.iid.FirebaseInstanceIdService"
105-->[com.google.firebase:firebase-iid:17.0.4] AndroidManifest.xml:51:13-77
106            android:exported="true" >
106-->[com.google.firebase:firebase-iid:17.0.4] AndroidManifest.xml:52:13-36
107            <intent-filter android:priority="-500" >
107-->[com.google.firebase:firebase-iid:17.0.4] AndroidManifest.xml:53:13-55:29
107-->[com.google.firebase:firebase-iid:17.0.4] AndroidManifest.xml:53:28-51
108                <action android:name="com.google.firebase.INSTANCE_ID_EVENT" />
108-->[com.google.firebase:firebase-iid:17.0.4] AndroidManifest.xml:54:17-80
108-->[com.google.firebase:firebase-iid:17.0.4] AndroidManifest.xml:54:25-77
109            </intent-filter>
110        </service>
111
112        <provider
112-->[com.google.firebase:firebase-common:16.0.3] AndroidManifest.xml:10:9-14:39
113            android:name="com.google.firebase.provider.FirebaseInitProvider"
113-->[com.google.firebase:firebase-common:16.0.3] AndroidManifest.xml:11:13-77
114            android:authorities="net.trivialapps.topstats.firebaseinitprovider"
114-->[com.google.firebase:firebase-common:16.0.3] AndroidManifest.xml:12:13-72
115            android:exported="false"
115-->[com.google.firebase:firebase-common:16.0.3] AndroidManifest.xml:13:13-37
116            android:initOrder="100" />
116-->[com.google.firebase:firebase-common:16.0.3] AndroidManifest.xml:14:13-36
117
118        <activity
118-->[com.google.android.gms:play-services-base:16.0.1] AndroidManifest.xml:23:9-26:75
119            android:name="com.google.android.gms.common.api.GoogleApiActivity"
119-->[com.google.android.gms:play-services-base:16.0.1] AndroidManifest.xml:24:13-79
120            android:exported="false"
120-->[com.google.android.gms:play-services-base:16.0.1] AndroidManifest.xml:25:13-37
121            android:theme="@android:style/Theme.Translucent.NoTitleBar" />
121-->[com.google.android.gms:play-services-base:16.0.1] AndroidManifest.xml:26:13-72
122
123        <meta-data
123-->[com.google.android.gms:play-services-basement:16.0.1] AndroidManifest.xml:23:9-25:69
124            android:name="com.google.android.gms.version"
124-->[com.google.android.gms:play-services-basement:16.0.1] AndroidManifest.xml:24:13-58
125            android:value="@integer/google_play_services_version" />
125-->[com.google.android.gms:play-services-basement:16.0.1] AndroidManifest.xml:25:13-66
126    </application>
127
128</manifest>